<?xml version="1.0" encoding="UTF-8"?>
<robot generator="Robot 6.1.1 (Python 3.11.4 on linux)" generated="20231017 12:54:23.240" rpa="false" schemaversion="4">
<suite id="s1" name="Login" source="/home/rahadirafsanjani/Main/source-code/test-lake/try-test/login.robot">
<test id="s1-t1" name="Post Login Test" line="14">
<kw name="Create Session" library="RequestsLibrary">
<arg>qarpa</arg>
<arg>${Base_Url}</arg>
<arg>verify=true</arg>
<doc>Create Session: create a HTTP session to a server</doc>
<msg timestamp="20231017 12:54:23.340" level="INFO">Creating Session using : alias=qarpa, url=https://qarpa.fly.dev/api/v1, headers={},                     cookies={}, auth=None, timeout=None, proxies=None, verify=True,                     debug=0 </msg>
<status status="PASS" starttime="20231017 12:54:23.340" endtime="20231017 12:54:23.341"/>
</kw>
<kw name="Create Dictionary" library="BuiltIn">
<var>${headers}</var>
<arg>Accept=application/json</arg>
<arg>Content-Type=application/json</arg>
<arg>charset=utf-8</arg>
<doc>Creates and returns a dictionary based on the given ``items``.</doc>
<msg timestamp="20231017 12:54:23.341" level="INFO">${headers} = {'Accept': 'application/json', 'Content-Type': 'application/json', 'charset': 'utf-8'}</msg>
<status status="PASS" starttime="20231017 12:54:23.341" endtime="20231017 12:54:23.341"/>
</kw>
<kw name="POST On Session" library="RequestsLibrary">
<var>${response}</var>
<arg>qarpa</arg>
<arg>${Url}</arg>
<arg>headers=${headers}</arg>
<arg>data=${data}</arg>
<doc>Sends a POST request on a previously created HTTP Session.</doc>
<msg timestamp="20231017 12:54:23.689" level="INFO">POST Request : url=https://qarpa.fly.dev/api/v1/users/auth/signin 
 path_url=/api/v1/users/auth/signin 
 headers={'User-Agent': 'python-requests/2.31.0', 'Accept-Encoding': 'gzip, deflate', 'Accept': 'application/json', 'Connection': 'keep-alive', 'Content-Type': 'application/json', 'charset': 'utf-8', 'Content-Length': '66'} 
 body={"user":{"email":"xahapa4844@czilou.com","password":"passworddd"}} 
 </msg>
<msg timestamp="20231017 12:54:23.689" level="INFO">POST Response : url=https://qarpa.fly.dev/api/v1/users/auth/signin 
 status=200, reason=OK 
 headers={'x-frame-options': 'SAMEORIGIN', 'x-xss-protection': '0', 'x-content-type-options': 'nosniff', 'x-download-options': 'noopen', 'x-permitted-cross-domain-policies': 'none', 'referrer-policy': 'strict-origin-when-cross-origin', 'content-type': 'application/json; charset=utf-8', 'vary': 'Accept, Origin', 'etag': 'W/"cc30b08ac1cfff3dd4489523a2b51cf1"', 'cache-control': 'max-age=0, private, must-revalidate', 'x-request-id': '3424dbb2-7e08-4108-a4c0-fe6a2c28a88c', 'x-runtime': '0.241228', 'transfer-encoding': 'chunked', 'content-encoding': 'gzip', 'date': 'Tue, 17 Oct 2023 05:54:22 GMT', 'server': 'Fly/55f8eaa0 (2023-10-09)', 'via': '1.1 fly.io', 'fly-request-id': '01HCY3662C7ST3EA4Z4K5JTR2S-sin'} 
 body={"access_token":"eyJhbGciOiJIUzI1NiJ9.eyJ1c2VyX2lkIjo1NywiZXhwIjoxNjk3NTIzODYzfQ.Mg_wx5P2gDWz6exFFJMMTznyUpiyREr4Y1DbC6kd6Uc","refresh_token":"eyJhbGciOiJIUzI1NiJ9.eyJ1c2VyX2lkIjo1NywiZXhwIjoxNjk3NjA4NDYzfQ.RxDY9ZwhDUB0HlP7mjTqt3whpaQ-y6NXL_yDQlkaEII","user":{"id":57,"avatar":"http://qarpa.fly.dev/rails/active_storage/blobs/redirect/eyJfcmFpbHMiOnsibWVzc2FnZSI6IkJBaHBXdz09IiwiZXhwIjpudWxsLCJwdXIiOiJibG9iX2lkIn19--f60ca4abd8484eaaa2c0d07b92f722b28cccdb00/%23%3CUser-0x00007fca9c548e90%3E-default.jpg","name":"Hafiz","email":"xahapa4844@czilou.com","role":"owner","company_id":48,"branch_id":null,"company_name":"Toko Kopi Djaya"}} 
 </msg>
<msg timestamp="20231017 12:54:23.689" level="INFO">${response} = &lt;Response [200]&gt;</msg>
<status status="PASS" starttime="20231017 12:54:23.341" endtime="20231017 12:54:23.689"/>
</kw>
<kw name="Convert To String" library="BuiltIn">
<var>${status_code}</var>
<arg>${response.status_code}</arg>
<doc>Converts the given item to a Unicode string.</doc>
<msg timestamp="20231017 12:54:23.690" level="INFO">${status_code} = 200</msg>
<status status="PASS" starttime="20231017 12:54:23.689" endtime="20231017 12:54:23.690"/>
</kw>
<kw name="Should Be Equal" library="BuiltIn">
<arg>${status_code}</arg>
<arg>200</arg>
<doc>Fails if the given objects are unequal.</doc>
<status status="PASS" starttime="20231017 12:54:23.690" endtime="20231017 12:54:23.690"/>
</kw>
<kw name="Convert To String" library="BuiltIn">
<var>${body}</var>
<arg>${response.content}</arg>
<doc>Converts the given item to a Unicode string.</doc>
<msg timestamp="20231017 12:54:23.690" level="INFO">${body} = {"access_token":"eyJhbGciOiJIUzI1NiJ9.eyJ1c2VyX2lkIjo1NywiZXhwIjoxNjk3NTIzODYzfQ.Mg_wx5P2gDWz6exFFJMMTznyUpiyREr4Y1DbC6kd6Uc","refresh_token":"eyJhbGciOiJIUzI1NiJ9.eyJ1c2VyX2lkIjo1NywiZXhwIjoxNjk3NjA4...</msg>
<status status="PASS" starttime="20231017 12:54:23.690" endtime="20231017 12:54:23.690"/>
</kw>
<kw name="Should Contain" library="BuiltIn">
<arg>${body}</arg>
<arg>Hafiz</arg>
<doc>Fails if ``container`` does not contain ``item`` one or more times.</doc>
<status status="PASS" starttime="20231017 12:54:23.690" endtime="20231017 12:54:23.691"/>
</kw>
<status status="PASS" starttime="20231017 12:54:23.340" endtime="20231017 12:54:23.691"/>
</test>
<status status="PASS" starttime="20231017 12:54:23.240" endtime="20231017 12:54:23.691"/>
</suite>
<statistics>
<total>
<stat pass="1" fail="0" skip="0">All Tests</stat>
</total>
<tag>
</tag>
<suite>
<stat pass="1" fail="0" skip="0" id="s1" name="Login">Login</stat>
</suite>
</statistics>
<errors>
</errors>
</robot>
